  [1m[35m (0.1ms)[0m  [1m[34mSELECT sqlite_version(*)[0m
  ↳ bin/rails:9
  [1m[35m (143.7ms)[0m  [1m[35mCREATE TABLE "schema_migrations" ("version" varchar NOT NULL PRIMARY KEY)[0m
  ↳ bin/rails:9
  [1m[35m (109.7ms)[0m  [1m[35mCREATE TABLE "ar_internal_metadata" ("key" varchar NOT NULL PRIMARY KEY, "value" varchar, "created_at" datetime NOT NULL, "updated_at" datetime NOT NULL)[0m
  ↳ bin/rails:9
  [1m[35m (0.1ms)[0m  [1m[34mSELECT "schema_migrations"."version" FROM "schema_migrations" ORDER BY "schema_migrations"."version" ASC[0m
  ↳ bin/rails:9
Migrating to CreateUsers (20180726001656)
  [1m[35m (0.1ms)[0m  [1m[36mbegin transaction[0m
  ↳ bin/rails:9
  [1m[35m (0.6ms)[0m  [1m[35mCREATE TABLE "users" ("id" integer PRIMARY KEY AUTOINCREMENT NOT NULL, "name" varchar, "created_at" datetime NOT NULL, "updated_at" datetime NOT NULL)[0m
  ↳ db/migrate/20180726001656_create_users.rb:3
  [1m[36mActiveRecord::SchemaMigration Create (0.2ms)[0m  [1m[32mINSERT INTO "schema_migrations" ("version") VALUES (?)[0m  [["version", "20180726001656"]]
  ↳ bin/rails:9
  [1m[35m (118.3ms)[0m  [1m[36mcommit transaction[0m
  ↳ bin/rails:9
Migrating to CreateLinks (20180726001701)
  [1m[35m (0.1ms)[0m  [1m[36mbegin transaction[0m
  ↳ bin/rails:9
  [1m[35m (0.3ms)[0m  [1m[35mCREATE TABLE "links" ("id" integer PRIMARY KEY AUTOINCREMENT NOT NULL, "title" varchar, "user_id" integer, "created_at" datetime NOT NULL, "updated_at" datetime NOT NULL)[0m
  ↳ db/migrate/20180726001701_create_links.rb:3
  [1m[35m (0.1ms)[0m  [1m[35mCREATE  INDEX "index_links_on_user_id" ON "links" ("user_id")[0m
  ↳ db/migrate/20180726001701_create_links.rb:3
  [1m[36mActiveRecord::SchemaMigration Create (0.1ms)[0m  [1m[32mINSERT INTO "schema_migrations" ("version") VALUES (?)[0m  [["version", "20180726001701"]]
  ↳ bin/rails:9
  [1m[35m (119.5ms)[0m  [1m[36mcommit transaction[0m
  ↳ bin/rails:9
Migrating to CreateComments (20180726001708)
  [1m[35m (0.1ms)[0m  [1m[36mbegin transaction[0m
  ↳ bin/rails:9
  [1m[35m (0.2ms)[0m  [1m[35mCREATE TABLE "comments" ("id" integer PRIMARY KEY AUTOINCREMENT NOT NULL, "content" text, "link_id" integer, "user_id" integer, "created_at" datetime NOT NULL, "updated_at" datetime NOT NULL)[0m
  ↳ db/migrate/20180726001708_create_comments.rb:3
  [1m[35m (0.1ms)[0m  [1m[35mCREATE  INDEX "index_comments_on_link_id" ON "comments" ("link_id")[0m
  ↳ db/migrate/20180726001708_create_comments.rb:3
  [1m[35m (0.1ms)[0m  [1m[35mCREATE  INDEX "index_comments_on_user_id" ON "comments" ("user_id")[0m
  ↳ db/migrate/20180726001708_create_comments.rb:3
  [1m[36mActiveRecord::SchemaMigration Create (0.1ms)[0m  [1m[32mINSERT INTO "schema_migrations" ("version") VALUES (?)[0m  [["version", "20180726001708"]]
  ↳ bin/rails:9
  [1m[35m (113.8ms)[0m  [1m[36mcommit transaction[0m
  ↳ bin/rails:9
Migrating to CreateCommentOfComments (20180726001727)
  [1m[35m (0.1ms)[0m  [1m[36mbegin transaction[0m
  ↳ bin/rails:9
  [1m[35m (0.3ms)[0m  [1m[35mCREATE TABLE "comment_of_comments" ("id" integer PRIMARY KEY AUTOINCREMENT NOT NULL, "content" text, "comment_id" integer, "user_id" integer, "created_at" datetime NOT NULL, "updated_at" datetime NOT NULL)[0m
  ↳ db/migrate/20180726001727_create_comment_of_comments.rb:3
  [1m[35m (0.1ms)[0m  [1m[35mCREATE  INDEX "index_comment_of_comments_on_comment_id" ON "comment_of_comments" ("comment_id")[0m
  ↳ db/migrate/20180726001727_create_comment_of_comments.rb:3
  [1m[35m (0.1ms)[0m  [1m[35mCREATE  INDEX "index_comment_of_comments_on_user_id" ON "comment_of_comments" ("user_id")[0m
  ↳ db/migrate/20180726001727_create_comment_of_comments.rb:3
  [1m[36mActiveRecord::SchemaMigration Create (0.1ms)[0m  [1m[32mINSERT INTO "schema_migrations" ("version") VALUES (?)[0m  [["version", "20180726001727"]]
  ↳ bin/rails:9
  [1m[35m (118.4ms)[0m  [1m[36mcommit transaction[0m
  ↳ bin/rails:9
  [1m[36mActiveRecord::InternalMetadata Load (0.1ms)[0m  [1m[34mSELECT  "ar_internal_metadata".* FROM "ar_internal_metadata" WHERE "ar_internal_metadata"."key" = ? LIMIT ?[0m  [["key", "environment"], ["LIMIT", 1]]
  ↳ bin/rails:9
  [1m[35m (0.1ms)[0m  [1m[36mbegin transaction[0m
  ↳ bin/rails:9
  [1m[36mActiveRecord::InternalMetadata Create (0.2ms)[0m  [1m[32mINSERT INTO "ar_internal_metadata" ("key", "value", "created_at", "updated_at") VALUES (?, ?, ?, ?)[0m  [["key", "environment"], ["value", "development"], ["created_at", "2018-07-26 00:24:59.290228"], ["updated_at", "2018-07-26 00:24:59.290228"]]
  ↳ bin/rails:9
  [1m[35m (92.1ms)[0m  [1m[36mcommit transaction[0m
  ↳ bin/rails:9
  [1m[35m (0.1ms)[0m  [1m[34mSELECT "schema_migrations"."version" FROM "schema_migrations" ORDER BY "schema_migrations"."version" ASC[0m
  ↳ bin/rails:9
  [1m[35m (0.1ms)[0m  [1m[34mSELECT "schema_migrations"."version" FROM "schema_migrations" ORDER BY "schema_migrations"."version" ASC[0m
  ↳ bin/rails:9
  [1m[35m (0.1ms)[0m  [1m[36mbegin transaction[0m
  ↳ db/seeds.rb:10
  [1m[36mUser Create (0.4ms)[0m  [1m[32mINSERT INTO "users" ("name", "created_at", "updated_at") VALUES (?, ?, ?)[0m  [["name", "Treebeard"], ["created_at", "2018-07-26 00:32:56.626532"], ["updated_at", "2018-07-26 00:32:56.626532"]]
  ↳ db/seeds.rb:10
  [1m[35m (119.8ms)[0m  [1m[36mcommit transaction[0m
  ↳ db/seeds.rb:10
  [1m[35m (0.0ms)[0m  [1m[36mbegin transaction[0m
  ↳ db/seeds.rb:10
  [1m[36mUser Create (0.2ms)[0m  [1m[32mINSERT INTO "users" ("name", "created_at", "updated_at") VALUES (?, ?, ?)[0m  [["name", "Saruman the White"], ["created_at", "2018-07-26 00:32:56.749631"], ["updated_at", "2018-07-26 00:32:56.749631"]]
  ↳ db/seeds.rb:10
  [1m[35m (87.6ms)[0m  [1m[36mcommit transaction[0m
  ↳ db/seeds.rb:10
  [1m[35m (0.0ms)[0m  [1m[36mbegin transaction[0m
  ↳ db/seeds.rb:10
  [1m[36mUser Create (0.2ms)[0m  [1m[32mINSERT INTO "users" ("name", "created_at", "updated_at") VALUES (?, ?, ?)[0m  [["name", "Gandalf the Grey"], ["created_at", "2018-07-26 00:32:56.838795"], ["updated_at", "2018-07-26 00:32:56.838795"]]
  ↳ db/seeds.rb:10
  [1m[35m (86.0ms)[0m  [1m[36mcommit transaction[0m
  ↳ db/seeds.rb:10
  [1m[35m (0.1ms)[0m  [1m[36mbegin transaction[0m
  ↳ db/seeds.rb:10
  [1m[36mUser Create (0.2ms)[0m  [1m[32mINSERT INTO "users" ("name", "created_at", "updated_at") VALUES (?, ?, ?)[0m  [["name", "Legolas"], ["created_at", "2018-07-26 00:32:56.926537"], ["updated_at", "2018-07-26 00:32:56.926537"]]
  ↳ db/seeds.rb:10
  [1m[35m (87.9ms)[0m  [1m[36mcommit transaction[0m
  ↳ db/seeds.rb:10
  [1m[35m (0.0ms)[0m  [1m[36mbegin transaction[0m
  ↳ db/seeds.rb:10
  [1m[36mUser Create (0.2ms)[0m  [1m[32mINSERT INTO "users" ("name", "created_at", "updated_at") VALUES (?, ?, ?)[0m  [["name", "Shadowfax"], ["created_at", "2018-07-26 00:32:57.016033"], ["updated_at", "2018-07-26 00:32:57.016033"]]
  ↳ db/seeds.rb:10
  [1m[35m (86.8ms)[0m  [1m[36mcommit transaction[0m
  ↳ db/seeds.rb:10
  [1m[35m (0.1ms)[0m  [1m[36mbegin transaction[0m
  ↳ db/seeds.rb:10
  [1m[36mUser Create (0.2ms)[0m  [1m[32mINSERT INTO "users" ("name", "created_at", "updated_at") VALUES (?, ?, ?)[0m  [["name", "Legolas"], ["created_at", "2018-07-26 00:32:57.104540"], ["updated_at", "2018-07-26 00:32:57.104540"]]
  ↳ db/seeds.rb:10
  [1m[35m (85.9ms)[0m  [1m[36mcommit transaction[0m
  ↳ db/seeds.rb:10
  [1m[35m (0.1ms)[0m  [1m[36mbegin transaction[0m
  ↳ db/seeds.rb:10
  [1m[36mUser Create (0.2ms)[0m  [1m[32mINSERT INTO "users" ("name", "created_at", "updated_at") VALUES (?, ?, ?)[0m  [["name", "Éomer"], ["created_at", "2018-07-26 00:32:57.192118"], ["updated_at", "2018-07-26 00:32:57.192118"]]
  ↳ db/seeds.rb:10
  [1m[35m (86.9ms)[0m  [1m[36mcommit transaction[0m
  ↳ db/seeds.rb:10
  [1m[35m (0.0ms)[0m  [1m[36mbegin transaction[0m
  ↳ db/seeds.rb:10
  [1m[36mUser Create (0.2ms)[0m  [1m[32mINSERT INTO "users" ("name", "created_at", "updated_at") VALUES (?, ?, ?)[0m  [["name", "Frodo Baggins"], ["created_at", "2018-07-26 00:32:57.280610"], ["updated_at", "2018-07-26 00:32:57.280610"]]
  ↳ db/seeds.rb:10
  [1m[35m (102.7ms)[0m  [1m[36mcommit transaction[0m
  ↳ db/seeds.rb:10
  [1m[35m (0.1ms)[0m  [1m[36mbegin transaction[0m
  ↳ db/seeds.rb:10
  [1m[36mUser Create (0.2ms)[0m  [1m[32mINSERT INTO "users" ("name", "created_at", "updated_at") VALUES (?, ?, ?)[0m  [["name", "Bilbo Baggins"], ["created_at", "2018-07-26 00:32:57.384860"], ["updated_at", "2018-07-26 00:32:57.384860"]]
  ↳ db/seeds.rb:10
  [1m[35m (94.3ms)[0m  [1m[36mcommit transaction[0m
  ↳ db/seeds.rb:10
  [1m[35m (0.0ms)[0m  [1m[36mbegin transaction[0m
  ↳ db/seeds.rb:10
  [1m[36mUser Create (0.2ms)[0m  [1m[32mINSERT INTO "users" ("name", "created_at", "updated_at") VALUES (?, ?, ?)[0m  [["name", "Sauron"], ["created_at", "2018-07-26 00:32:57.480648"], ["updated_at", "2018-07-26 00:32:57.480648"]]
  ↳ db/seeds.rb:10
  [1m[35m (92.8ms)[0m  [1m[36mcommit transaction[0m
  ↳ db/seeds.rb:10
  [1m[35m (0.0ms)[0m  [1m[36mbegin transaction[0m
  ↳ db/seeds.rb:12
  [1m[36mUser Load (0.2ms)[0m  [1m[34mSELECT  "users".* FROM "users" WHERE "users"."id" = ? LIMIT ?[0m  [["id", 3], ["LIMIT", 1]]
  ↳ db/seeds.rb:12
  [1m[36mLink Create (0.2ms)[0m  [1m[32mINSERT INTO "links" ("title", "user_id", "created_at", "updated_at") VALUES (?, ?, ?, ?)[0m  [["title", "Núath"], ["user_id", 3], ["created_at", "2018-07-26 00:32:57.591356"], ["updated_at", "2018-07-26 00:32:57.591356"]]
  ↳ db/seeds.rb:12
  [1m[35m (97.7ms)[0m  [1m[36mcommit transaction[0m
  ↳ db/seeds.rb:12
  [1m[35m (0.1ms)[0m  [1m[36mbegin transaction[0m
  ↳ db/seeds.rb:12
  [1m[36mUser Load (0.1ms)[0m  [1m[34mSELECT  "users".* FROM "users" WHERE "users"."id" = ? LIMIT ?[0m  [["id", 9], ["LIMIT", 1]]
  ↳ db/seeds.rb:12
  [1m[36mLink Create (0.2ms)[0m  [1m[32mINSERT INTO "links" ("title", "user_id", "created_at", "updated_at") VALUES (?, ?, ?, ?)[0m  [["title", "Máhanaxar"], ["user_id", 9], ["created_at", "2018-07-26 00:32:57.692167"], ["updated_at", "2018-07-26 00:32:57.692167"]]
  ↳ db/seeds.rb:12
  [1m[35m (90.7ms)[0m  [1m[36mcommit transaction[0m
  ↳ db/seeds.rb:12
  [1m[35m (0.1ms)[0m  [1m[36mbegin transaction[0m
  ↳ db/seeds.rb:12
  [1m[36mUser Load (0.1ms)[0m  [1m[34mSELECT  "users".* FROM "users" WHERE "users"."id" = ? LIMIT ?[0m  [["id", 1], ["LIMIT", 1]]
  ↳ db/seeds.rb:12
  [1m[36mLink Create (0.2ms)[0m  [1m[32mINSERT INTO "links" ("title", "user_id", "created_at", "updated_at") VALUES (?, ?, ?, ?)[0m  [["title", "Losgar"], ["user_id", 1], ["created_at", "2018-07-26 00:32:57.785265"], ["updated_at", "2018-07-26 00:32:57.785265"]]
  ↳ db/seeds.rb:12
  [1m[35m (86.0ms)[0m  [1m[36mcommit transaction[0m
  ↳ db/seeds.rb:12
  [1m[35m (0.1ms)[0m  [1m[36mbegin transaction[0m
  ↳ db/seeds.rb:12
  [1m[36mUser Load (0.1ms)[0m  [1m[34mSELECT  "users".* FROM "users" WHERE "users"."id" = ? LIMIT ?[0m  [["id", 4], ["LIMIT", 1]]
  ↳ db/seeds.rb:12
  [1m[36mLink Create (0.2ms)[0m  [1m[32mINSERT INTO "links" ("title", "user_id", "created_at", "updated_at") VALUES (?, ?, ?, ?)[0m  [["title", "Old Forest"], ["user_id", 4], ["created_at", "2018-07-26 00:32:57.873614"], ["updated_at", "2018-07-26 00:32:57.873614"]]
  ↳ db/seeds.rb:12
  [1m[35m (93.0ms)[0m  [1m[36mcommit transaction[0m
  ↳ db/seeds.rb:12
  [1m[35m (0.0ms)[0m  [1m[36mbegin transaction[0m
  ↳ db/seeds.rb:12
  [1m[36mUser Load (0.1ms)[0m  [1m[34mSELECT  "users".* FROM "users" WHERE "users"."id" = ? LIMIT ?[0m  [["id", 7], ["LIMIT", 1]]
  ↳ db/seeds.rb:12
  [1m[36mLink Create (0.2ms)[0m  [1m[32mINSERT INTO "links" ("title", "user_id", "created_at", "updated_at") VALUES (?, ?, ?, ?)[0m  [["title", "East Road"], ["user_id", 7], ["created_at", "2018-07-26 00:32:57.968883"], ["updated_at", "2018-07-26 00:32:57.968883"]]
  ↳ db/seeds.rb:12
  [1m[35m (85.5ms)[0m  [1m[36mcommit transaction[0m
  ↳ db/seeds.rb:12
  [1m[35m (0.1ms)[0m  [1m[36mbegin transaction[0m
  ↳ db/seeds.rb:12
  [1m[36mUser Load (0.1ms)[0m  [1m[34mSELECT  "users".* FROM "users" WHERE "users"."id" = ? LIMIT ?[0m  [["id", 4], ["LIMIT", 1]]
  ↳ db/seeds.rb:12
  [1m[36mLink Create (0.2ms)[0m  [1m[32mINSERT INTO "links" ("title", "user_id", "created_at", "updated_at") VALUES (?, ?, ?, ?)[0m  [["title", "Endless Stair"], ["user_id", 4], ["created_at", "2018-07-26 00:32:58.057549"], ["updated_at", "2018-07-26 00:32:58.057549"]]
  ↳ db/seeds.rb:12
  [1m[35m (89.4ms)[0m  [1m[36mcommit transaction[0m
  ↳ db/seeds.rb:12
  [1m[35m (0.0ms)[0m  [1m[36mbegin transaction[0m
  ↳ db/seeds.rb:12
  [1m[36mUser Load (0.1ms)[0m  [1m[34mSELECT  "users".* FROM "users" WHERE "users"."id" = ? LIMIT ?[0m  [["id", 1], ["LIMIT", 1]]
  ↳ db/seeds.rb:12
  [1m[36mLink Create (0.2ms)[0m  [1m[32mINSERT INTO "links" ("title", "user_id", "created_at", "updated_at") VALUES (?, ?, ?, ?)[0m  [["title", "Minas Tirith"], ["user_id", 1], ["created_at", "2018-07-26 00:32:58.150780"], ["updated_at", "2018-07-26 00:32:58.150780"]]
  ↳ db/seeds.rb:12
  [1m[35m (81.9ms)[0m  [1m[36mcommit transaction[0m
  ↳ db/seeds.rb:12
  [1m[35m (0.1ms)[0m  [1m[36mbegin transaction[0m
  ↳ db/seeds.rb:12
  [1m[36mUser Load (0.1ms)[0m  [1m[34mSELECT  "users".* FROM "users" WHERE "users"."id" = ? LIMIT ?[0m  [["id", 7], ["LIMIT", 1]]
  ↳ db/seeds.rb:12
  [1m[36mLink Create (0.2ms)[0m  [1m[32mINSERT INTO "links" ("title", "user_id", "created_at", "updated_at") VALUES (?, ?, ?, ?)[0m  [["title", "Field of Celebrant"], ["user_id", 7], ["created_at", "2018-07-26 00:32:58.235199"], ["updated_at", "2018-07-26 00:32:58.235199"]]
  ↳ db/seeds.rb:12
  [1m[35m (85.4ms)[0m  [1m[36mcommit transaction[0m
  ↳ db/seeds.rb:12
  [1m[35m (0.1ms)[0m  [1m[36mbegin transaction[0m
  ↳ db/seeds.rb:12
  [1m[36mUser Load (0.1ms)[0m  [1m[34mSELECT  "users".* FROM "users" WHERE "users"."id" = ? LIMIT ?[0m  [["id", 4], ["LIMIT", 1]]
  ↳ db/seeds.rb:12
  [1m[36mLink Create (0.2ms)[0m  [1m[32mINSERT INTO "links" ("title", "user_id", "created_at", "updated_at") VALUES (?, ?, ?, ?)[0m  [["title", "Barad-dûr"], ["user_id", 4], ["created_at", "2018-07-26 00:32:58.323027"], ["updated_at", "2018-07-26 00:32:58.323027"]]
  ↳ db/seeds.rb:12
  [1m[35m (90.1ms)[0m  [1m[36mcommit transaction[0m
  ↳ db/seeds.rb:12
  [1m[35m (0.1ms)[0m  [1m[36mbegin transaction[0m
  ↳ db/seeds.rb:12
  [1m[36mUser Load (0.1ms)[0m  [1m[34mSELECT  "users".* FROM "users" WHERE "users"."id" = ? LIMIT ?[0m  [["id", 6], ["LIMIT", 1]]
  ↳ db/seeds.rb:12
  [1m[36mLink Create (0.2ms)[0m  [1m[32mINSERT INTO "links" ("title", "user_id", "created_at", "updated_at") VALUES (?, ?, ?, ?)[0m  [["title", "Tol Brandir"], ["user_id", 6], ["created_at", "2018-07-26 00:32:58.415840"], ["updated_at", "2018-07-26 00:32:58.415840"]]
  ↳ db/seeds.rb:12
  [1m[35m (80.9ms)[0m  [1m[36mcommit transaction[0m
  ↳ db/seeds.rb:12
  [1m[35m (0.1ms)[0m  [1m[36mbegin transaction[0m
  ↳ db/seeds.rb:14
  [1m[36mLink Load (0.2ms)[0m  [1m[34mSELECT  "links".* FROM "links" WHERE "links"."id" = ? LIMIT ?[0m  [["id", 8], ["LIMIT", 1]]
  ↳ db/seeds.rb:14
  [1m[36mUser Load (0.1ms)[0m  [1m[34mSELECT  "users".* FROM "users" WHERE "users"."id" = ? LIMIT ?[0m  [["id", 6], ["LIMIT", 1]]
  ↳ db/seeds.rb:14
  [1m[36mComment Create (0.3ms)[0m  [1m[32mINSERT INTO "comments" ("content", "link_id", "user_id", "created_at", "updated_at") VALUES (?, ?, ?, ?, ?)[0m  [["content", "Go ahead, make my day."], ["link_id", 8], ["user_id", 6], ["created_at", "2018-07-26 00:32:58.510360"], ["updated_at", "2018-07-26 00:32:58.510360"]]
  ↳ db/seeds.rb:14
  [1m[35m (86.9ms)[0m  [1m[36mcommit transaction[0m
  ↳ db/seeds.rb:14
  [1m[35m (0.1ms)[0m  [1m[36mbegin transaction[0m
  ↳ db/seeds.rb:14
  [1m[36mLink Load (0.1ms)[0m  [1m[34mSELECT  "links".* FROM "links" WHERE "links"."id" = ? LIMIT ?[0m  [["id", 4], ["LIMIT", 1]]
  ↳ db/seeds.rb:14
  [1m[36mUser Load (0.1ms)[0m  [1m[34mSELECT  "users".* FROM "users" WHERE "users"."id" = ? LIMIT ?[0m  [["id", 3], ["LIMIT", 1]]
  ↳ db/seeds.rb:14
  [1m[36mComment Create (0.2ms)[0m  [1m[32mINSERT INTO "comments" ("content", "link_id", "user_id", "created_at", "updated_at") VALUES (?, ?, ?, ?, ?)[0m  [["content", "I'm going to make him an offer he can't refuse."], ["link_id", 4], ["user_id", 3], ["created_at", "2018-07-26 00:32:58.600821"], ["updated_at", "2018-07-26 00:32:58.600821"]]
  ↳ db/seeds.rb:14
  [1m[35m (83.7ms)[0m  [1m[36mcommit transaction[0m
  ↳ db/seeds.rb:14
  [1m[35m (0.0ms)[0m  [1m[36mbegin transaction[0m
  ↳ db/seeds.rb:14
  [1m[36mLink Load (0.1ms)[0m  [1m[34mSELECT  "links".* FROM "links" WHERE "links"."id" = ? LIMIT ?[0m  [["id", 2], ["LIMIT", 1]]
  ↳ db/seeds.rb:14
  [1m[36mUser Load (0.0ms)[0m  [1m[34mSELECT  "users".* FROM "users" WHERE "users"."id" = ? LIMIT ?[0m  [["id", 10], ["LIMIT", 1]]
  ↳ db/seeds.rb:14
  [1m[36mComment Create (0.2ms)[0m  [1m[32mINSERT INTO "comments" ("content", "link_id", "user_id", "created_at", "updated_at") VALUES (?, ?, ?, ?, ?)[0m  [["content", "You talking to me?"], ["link_id", 2], ["user_id", 10], ["created_at", "2018-07-26 00:32:58.688264"], ["updated_at", "2018-07-26 00:32:58.688264"]]
  ↳ db/seeds.rb:14
  [1m[35m (91.3ms)[0m  [1m[36mcommit transaction[0m
  ↳ db/seeds.rb:14
  [1m[35m (0.1ms)[0m  [1m[36mbegin transaction[0m
  ↳ db/seeds.rb:14
  [1m[36mLink Load (0.1ms)[0m  [1m[34mSELECT  "links".* FROM "links" WHERE "links"."id" = ? LIMIT ?[0m  [["id", 10], ["LIMIT", 1]]
  ↳ db/seeds.rb:14
  [1m[36mUser Load (0.1ms)[0m  [1m[34mSELECT  "users".* FROM "users" WHERE "users"."id" = ? LIMIT ?[0m  [["id", 9], ["LIMIT", 1]]
  ↳ db/seeds.rb:14
  [1m[36mComment Create (0.2ms)[0m  [1m[32mINSERT INTO "comments" ("content", "link_id", "user_id", "created_at", "updated_at") VALUES (?, ?, ?, ?, ?)[0m  [["content", "Toto, I've got a feeling we're not in Kansas anymore."], ["link_id", 10], ["user_id", 9], ["created_at", "2018-07-26 00:32:58.783004"], ["updated_at", "2018-07-26 00:32:58.783004"]]
  ↳ db/seeds.rb:14
  [1m[35m (95.9ms)[0m  [1m[36mcommit transaction[0m
  ↳ db/seeds.rb:14
  [1m[35m (0.1ms)[0m  [1m[36mbegin transaction[0m
  ↳ db/seeds.rb:14
  [1m[36mLink Load (0.1ms)[0m  [1m[34mSELECT  "links".* FROM "links" WHERE "links"."id" = ? LIMIT ?[0m  [["id", 5], ["LIMIT", 1]]
  ↳ db/seeds.rb:14
  [1m[36mUser Load (0.1ms)[0m  [1m[34mSELECT  "users".* FROM "users" WHERE "users"."id" = ? LIMIT ?[0m  [["id", 8], ["LIMIT", 1]]
  ↳ db/seeds.rb:14
  [1m[36mComment Create (0.2ms)[0m  [1m[32mINSERT INTO "comments" ("content", "link_id", "user_id", "created_at", "updated_at") VALUES (?, ?, ?, ?, ?)[0m  [["content", "What we've got here is failure to communicate."], ["link_id", 5], ["user_id", 8], ["created_at", "2018-07-26 00:32:58.881904"], ["updated_at", "2018-07-26 00:32:58.881904"]]
  ↳ db/seeds.rb:14
  [1m[35m (136.9ms)[0m  [1m[36mcommit transaction[0m
  ↳ db/seeds.rb:14
  [1m[35m (0.0ms)[0m  [1m[36mbegin transaction[0m
  ↳ db/seeds.rb:14
  [1m[36mLink Load (0.1ms)[0m  [1m[34mSELECT  "links".* FROM "links" WHERE "links"."id" = ? LIMIT ?[0m  [["id", 5], ["LIMIT", 1]]
  ↳ db/seeds.rb:14
  [1m[36mUser Load (0.1ms)[0m  [1m[34mSELECT  "users".* FROM "users" WHERE "users"."id" = ? LIMIT ?[0m  [["id", 10], ["LIMIT", 1]]
  ↳ db/seeds.rb:14
  [1m[36mComment Create (0.2ms)[0m  [1m[32mINSERT INTO "comments" ("content", "link_id", "user_id", "created_at", "updated_at") VALUES (?, ?, ?, ?, ?)[0m  [["content", "I'm going to make him an offer he can't refuse."], ["link_id", 5], ["user_id", 10], ["created_at", "2018-07-26 00:32:59.024616"], ["updated_at", "2018-07-26 00:32:59.024616"]]
  ↳ db/seeds.rb:14
  [1m[35m (85.7ms)[0m  [1m[36mcommit transaction[0m
  ↳ db/seeds.rb:14
  [1m[35m (0.1ms)[0m  [1m[36mbegin transaction[0m
  ↳ db/seeds.rb:14
  [1m[36mLink Load (0.1ms)[0m  [1m[34mSELECT  "links".* FROM "links" WHERE "links"."id" = ? LIMIT ?[0m  [["id", 3], ["LIMIT", 1]]
  ↳ db/seeds.rb:14
  [1m[36mUser Load (0.1ms)[0m  [1m[34mSELECT  "users".* FROM "users" WHERE "users"."id" = ? LIMIT ?[0m  [["id", 9], ["LIMIT", 1]]
  ↳ db/seeds.rb:14
  [1m[36mComment Create (0.2ms)[0m  [1m[32mINSERT INTO "comments" ("content", "link_id", "user_id", "created_at", "updated_at") VALUES (?, ?, ?, ?, ?)[0m  [["content", "May the Force be with you."], ["link_id", 3], ["user_id", 9], ["created_at", "2018-07-26 00:32:59.114608"], ["updated_at", "2018-07-26 00:32:59.114608"]]
  ↳ db/seeds.rb:14
  [1m[35m (84.5ms)[0m  [1m[36mcommit transaction[0m
  ↳ db/seeds.rb:14
  [1m[35m (0.1ms)[0m  [1m[36mbegin transaction[0m
  ↳ db/seeds.rb:14
  [1m[36mLink Load (0.1ms)[0m  [1m[34mSELECT  "links".* FROM "links" WHERE "links"."id" = ? LIMIT ?[0m  [["id", 7], ["LIMIT", 1]]
  ↳ db/seeds.rb:14
  [1m[36mUser Load (0.1ms)[0m  [1m[34mSELECT  "users".* FROM "users" WHERE "users"."id" = ? LIMIT ?[0m  [["id", 3], ["LIMIT", 1]]
  ↳ db/seeds.rb:14
  [1m[36mComment Create (0.2ms)[0m  [1m[32mINSERT INTO "comments" ("content", "link_id", "user_id", "created_at", "updated_at") VALUES (?, ?, ?, ?, ?)[0m  [["content", "What we've got here is failure to communicate."], ["link_id", 7], ["user_id", 3], ["created_at", "2018-07-26 00:32:59.202574"], ["updated_at", "2018-07-26 00:32:59.202574"]]
  ↳ db/seeds.rb:14
  [1m[35m (84.8ms)[0m  [1m[36mcommit transaction[0m
  ↳ db/seeds.rb:14
  [1m[35m (0.0ms)[0m  [1m[36mbegin transaction[0m
  ↳ db/seeds.rb:14
  [1m[36mLink Load (0.1ms)[0m  [1m[34mSELECT  "links".* FROM "links" WHERE "links"."id" = ? LIMIT ?[0m  [["id", 10], ["LIMIT", 1]]
  ↳ db/seeds.rb:14
  [1m[36mUser Load (0.1ms)[0m  [1m[34mSELECT  "users".* FROM "users" WHERE "users"."id" = ? LIMIT ?[0m  [["id", 3], ["LIMIT", 1]]
  ↳ db/seeds.rb:14
  [1m[36mComment Create (0.2ms)[0m  [1m[32mINSERT INTO "comments" ("content", "link_id", "user_id", "created_at", "updated_at") VALUES (?, ?, ?, ?, ?)[0m  [["content", "Go ahead, make my day."], ["link_id", 10], ["user_id", 3], ["created_at", "2018-07-26 00:32:59.291537"], ["updated_at", "2018-07-26 00:32:59.291537"]]
  ↳ db/seeds.rb:14
  [1m[35m (52.4ms)[0m  [1m[36mcommit transaction[0m
  ↳ db/seeds.rb:14
  [1m[35m (0.1ms)[0m  [1m[36mbegin transaction[0m
  ↳ db/seeds.rb:14
  [1m[36mLink Load (0.1ms)[0m  [1m[34mSELECT  "links".* FROM "links" WHERE "links"."id" = ? LIMIT ?[0m  [["id", 6], ["LIMIT", 1]]
  ↳ db/seeds.rb:14
  [1m[36mUser Load (0.0ms)[0m  [1m[34mSELECT  "users".* FROM "users" WHERE "users"."id" = ? LIMIT ?[0m  [["id", 2], ["LIMIT", 1]]
  ↳ db/seeds.rb:14
  [1m[36mComment Create (0.2ms)[0m  [1m[32mINSERT INTO "comments" ("content", "link_id", "user_id", "created_at", "updated_at") VALUES (?, ?, ?, ?, ?)[0m  [["content", "Here's looking at you, kid."], ["link_id", 6], ["user_id", 2], ["created_at", "2018-07-26 00:32:59.347475"], ["updated_at", "2018-07-26 00:32:59.347475"]]
  ↳ db/seeds.rb:14
  [1m[35m (74.7ms)[0m  [1m[36mcommit transaction[0m
  ↳ db/seeds.rb:14
  [1m[35m (0.1ms)[0m  [1m[36mbegin transaction[0m
  ↳ db/seeds.rb:16
  [1m[36mUser Load (0.1ms)[0m  [1m[34mSELECT  "users".* FROM "users" WHERE "users"."id" = ? LIMIT ?[0m  [["id", 9], ["LIMIT", 1]]
  ↳ db/seeds.rb:16
  [1m[36mComment Load (0.1ms)[0m  [1m[34mSELECT  "comments".* FROM "comments" WHERE "comments"."id" = ? LIMIT ?[0m  [["id", 3], ["LIMIT", 1]]
  ↳ db/seeds.rb:16
  [1m[36mCommentOfComment Create (0.2ms)[0m  [1m[32mINSERT INTO "comment_of_comments" ("content", "comment_id", "user_id", "created_at", "updated_at") VALUES (?, ?, ?, ?, ?)[0m  [["content", "Here's looking at you, kid."], ["comment_id", 3], ["user_id", 9], ["created_at", "2018-07-26 00:32:59.434246"], ["updated_at", "2018-07-26 00:32:59.434246"]]
  ↳ db/seeds.rb:16
  [1m[35m (87.5ms)[0m  [1m[36mcommit transaction[0m
  ↳ db/seeds.rb:16
  [1m[35m (0.1ms)[0m  [1m[36mbegin transaction[0m
  ↳ db/seeds.rb:16
  [1m[36mUser Load (0.1ms)[0m  [1m[34mSELECT  "users".* FROM "users" WHERE "users"."id" = ? LIMIT ?[0m  [["id", 7], ["LIMIT", 1]]
  ↳ db/seeds.rb:16
  [1m[36mComment Load (0.1ms)[0m  [1m[34mSELECT  "comments".* FROM "comments" WHERE "comments"."id" = ? LIMIT ?[0m  [["id", 8], ["LIMIT", 1]]
  ↳ db/seeds.rb:16
  [1m[36mCommentOfComment Create (0.6ms)[0m  [1m[32mINSERT INTO "comment_of_comments" ("content", "comment_id", "user_id", "created_at", "updated_at") VALUES (?, ?, ?, ?, ?)[0m  [["content", "May the Force be with you."], ["comment_id", 8], ["user_id", 7], ["created_at", "2018-07-26 00:32:59.524972"], ["updated_at", "2018-07-26 00:32:59.524972"]]
  ↳ db/seeds.rb:16
  [1m[35m (238.7ms)[0m  [1m[36mcommit transaction[0m
  ↳ db/seeds.rb:16
  [1m[35m (0.1ms)[0m  [1m[36mbegin transaction[0m
  ↳ db/seeds.rb:16
  [1m[36mUser Load (0.1ms)[0m  [1m[34mSELECT  "users".* FROM "users" WHERE "users"."id" = ? LIMIT ?[0m  [["id", 1], ["LIMIT", 1]]
  ↳ db/seeds.rb:16
  [1m[36mComment Load (0.0ms)[0m  [1m[34mSELECT  "comments".* FROM "comments" WHERE "comments"."id" = ? LIMIT ?[0m  [["id", 2], ["LIMIT", 1]]
  ↳ db/seeds.rb:16
  [1m[36mCommentOfComment Create (0.2ms)[0m  [1m[32mINSERT INTO "comment_of_comments" ("content", "comment_id", "user_id", "created_at", "updated_at") VALUES (?, ?, ?, ?, ?)[0m  [["content", "Fasten your seatbelts. It's going to be a bumpy night."], ["comment_id", 2], ["user_id", 1], ["created_at", "2018-07-26 00:32:59.768274"], ["updated_at", "2018-07-26 00:32:59.768274"]]
  ↳ db/seeds.rb:16
  [1m[35m (95.6ms)[0m  [1m[36mcommit transaction[0m
  ↳ db/seeds.rb:16
  [1m[35m (0.1ms)[0m  [1m[36mbegin transaction[0m
  ↳ db/seeds.rb:16
  [1m[36mUser Load (0.1ms)[0m  [1m[34mSELECT  "users".* FROM "users" WHERE "users"."id" = ? LIMIT ?[0m  [["id", 3], ["LIMIT", 1]]
  ↳ db/seeds.rb:16
  [1m[36mComment Load (0.1ms)[0m  [1m[34mSELECT  "comments".* FROM "comments" WHERE "comments"."id" = ? LIMIT ?[0m  [["id", 1], ["LIMIT", 1]]
  ↳ db/seeds.rb:16
  [1m[36mCommentOfComment Create (0.2ms)[0m  [1m[32mINSERT INTO "comment_of_comments" ("content", "comment_id", "user_id", "created_at", "updated_at") VALUES (?, ?, ?, ?, ?)[0m  [["content", "What we've got here is failure to communicate."], ["comment_id", 1], ["user_id", 3], ["created_at", "2018-07-26 00:32:59.866934"], ["updated_at", "2018-07-26 00:32:59.866934"]]
  ↳ db/seeds.rb:16
  [1m[35m (85.2ms)[0m  [1m[36mcommit transaction[0m
  ↳ db/seeds.rb:16
  [1m[35m (0.1ms)[0m  [1m[36mbegin transaction[0m
  ↳ db/seeds.rb:16
  [1m[36mUser Load (0.1ms)[0m  [1m[34mSELECT  "users".* FROM "users" WHERE "users"."id" = ? LIMIT ?[0m  [["id", 7], ["LIMIT", 1]]
  ↳ db/seeds.rb:16
  [1m[36mComment Load (0.1ms)[0m  [1m[34mSELECT  "comments".* FROM "comments" WHERE "comments"."id" = ? LIMIT ?[0m  [["id", 5], ["LIMIT", 1]]
  ↳ db/seeds.rb:16
  [1m[36mCommentOfComment Create (0.2ms)[0m  [1m[32mINSERT INTO "comment_of_comments" ("content", "comment_id", "user_id", "created_at", "updated_at") VALUES (?, ?, ?, ?, ?)[0m  [["content", "I love the smell of napalm in the morning."], ["comment_id", 5], ["user_id", 7], ["created_at", "2018-07-26 00:32:59.955728"], ["updated_at", "2018-07-26 00:32:59.955728"]]
  ↳ db/seeds.rb:16
  [1m[35m (83.8ms)[0m  [1m[36mcommit transaction[0m
  ↳ db/seeds.rb:16
  [1m[35m (0.1ms)[0m  [1m[36mbegin transaction[0m
  ↳ db/seeds.rb:16
  [1m[36mUser Load (0.1ms)[0m  [1m[34mSELECT  "users".* FROM "users" WHERE "users"."id" = ? LIMIT ?[0m  [["id", 3], ["LIMIT", 1]]
  ↳ db/seeds.rb:16
  [1m[36mComment Load (0.0ms)[0m  [1m[34mSELECT  "comments".* FROM "comments" WHERE "comments"."id" = ? LIMIT ?[0m  [["id", 10], ["LIMIT", 1]]
  ↳ db/seeds.rb:16
  [1m[36mCommentOfComment Create (0.3ms)[0m  [1m[32mINSERT INTO "comment_of_comments" ("content", "comment_id", "user_id", "created_at", "updated_at") VALUES (?, ?, ?, ?, ?)[0m  [["content", "May the Force be with you."], ["comment_id", 10], ["user_id", 3], ["created_at", "2018-07-26 00:33:00.043912"], ["updated_at", "2018-07-26 00:33:00.043912"]]
  ↳ db/seeds.rb:16
  [1m[35m (95.5ms)[0m  [1m[36mcommit transaction[0m
  ↳ db/seeds.rb:16
  [1m[35m (0.1ms)[0m  [1m[36mbegin transaction[0m
  ↳ db/seeds.rb:16
  [1m[36mUser Load (0.1ms)[0m  [1m[34mSELECT  "users".* FROM "users" WHERE "users"."id" = ? LIMIT ?[0m  [["id", 8], ["LIMIT", 1]]
  ↳ db/seeds.rb:16
  [1m[36mComment Load (0.1ms)[0m  [1m[34mSELECT  "comments".* FROM "comments" WHERE "comments"."id" = ? LIMIT ?[0m  [["id", 3], ["LIMIT", 1]]
  ↳ db/seeds.rb:16
  [1m[36mCommentOfComment Create (0.2ms)[0m  [1m[32mINSERT INTO "comment_of_comments" ("content", "comment_id", "user_id", "created_at", "updated_at") VALUES (?, ?, ?, ?, ?)[0m  [["content", "I love the smell of napalm in the morning."], ["comment_id", 3], ["user_id", 8], ["created_at", "2018-07-26 00:33:00.144262"], ["updated_at", "2018-07-26 00:33:00.144262"]]
  ↳ db/seeds.rb:16
  [1m[35m (139.8ms)[0m  [1m[36mcommit transaction[0m
  ↳ db/seeds.rb:16
  [1m[35m (0.0ms)[0m  [1m[36mbegin transaction[0m
  ↳ db/seeds.rb:16
  [1m[36mUser Load (0.1ms)[0m  [1m[34mSELECT  "users".* FROM "users" WHERE "users"."id" = ? LIMIT ?[0m  [["id", 2], ["LIMIT", 1]]
  ↳ db/seeds.rb:16
  [1m[36mComment Load (0.0ms)[0m  [1m[34mSELECT  "comments".* FROM "comments" WHERE "comments"."id" = ? LIMIT ?[0m  [["id", 4], ["LIMIT", 1]]
  ↳ db/seeds.rb:16
  [1m[36mCommentOfComment Create (0.2ms)[0m  [1m[32mINSERT INTO "comment_of_comments" ("content", "comment_id", "user_id", "created_at", "updated_at") VALUES (?, ?, ?, ?, ?)[0m  [["content", "All right, Mr. DeMille, I'm ready for my closeup."], ["comment_id", 4], ["user_id", 2], ["created_at", "2018-07-26 00:33:00.287607"], ["updated_at", "2018-07-26 00:33:00.287607"]]
  ↳ db/seeds.rb:16
  [1m[35m (130.2ms)[0m  [1m[36mcommit transaction[0m
  ↳ db/seeds.rb:16
  [1m[35m (0.1ms)[0m  [1m[36mbegin transaction[0m
  ↳ db/seeds.rb:16
  [1m[36mUser Load (0.1ms)[0m  [1m[34mSELECT  "users".* FROM "users" WHERE "users"."id" = ? LIMIT ?[0m  [["id", 7], ["LIMIT", 1]]
  ↳ db/seeds.rb:16
  [1m[36mComment Load (0.1ms)[0m  [1m[34mSELECT  "comments".* FROM "comments" WHERE "comments"."id" = ? LIMIT ?[0m  [["id", 7], ["LIMIT", 1]]
  ↳ db/seeds.rb:16
  [1m[36mCommentOfComment Create (0.2ms)[0m  [1m[32mINSERT INTO "comment_of_comments" ("content", "comment_id", "user_id", "created_at", "updated_at") VALUES (?, ?, ?, ?, ?)[0m  [["content", "All right, Mr. DeMille, I'm ready for my closeup."], ["comment_id", 7], ["user_id", 7], ["created_at", "2018-07-26 00:33:00.421460"], ["updated_at", "2018-07-26 00:33:00.421460"]]
  ↳ db/seeds.rb:16
  [1m[35m (61.5ms)[0m  [1m[36mcommit transaction[0m
  ↳ db/seeds.rb:16
  [1m[35m (0.1ms)[0m  [1m[36mbegin transaction[0m
  ↳ db/seeds.rb:16
  [1m[36mUser Load (0.1ms)[0m  [1m[34mSELECT  "users".* FROM "users" WHERE "users"."id" = ? LIMIT ?[0m  [["id", 1], ["LIMIT", 1]]
  ↳ db/seeds.rb:16
  [1m[36mComment Load (0.1ms)[0m  [1m[34mSELECT  "comments".* FROM "comments" WHERE "comments"."id" = ? LIMIT ?[0m  [["id", 10], ["LIMIT", 1]]
  ↳ db/seeds.rb:16
  [1m[36mCommentOfComment Create (0.3ms)[0m  [1m[32mINSERT INTO "comment_of_comments" ("content", "comment_id", "user_id", "created_at", "updated_at") VALUES (?, ?, ?, ?, ?)[0m  [["content", "I'm going to make him an offer he can't refuse."], ["comment_id", 10], ["user_id", 1], ["created_at", "2018-07-26 00:33:00.487054"], ["updated_at", "2018-07-26 00:33:00.487054"]]
  ↳ db/seeds.rb:16
  [1m[35m (83.9ms)[0m  [1m[36mcommit transaction[0m
  ↳ db/seeds.rb:16
